0 info it worked if it ends with ok
1 verbose cli [ '/usr/local/bin/node', '/usr/local/bin/npm', 'install', 'gm' ]
2 info using npm@1.3.2
3 info using node@v0.10.13
4 verbose readDependencies using package.json deps
5 verbose cache add [ 'gm', null ]
6 verbose cache add name=undefined spec="gm" args=["gm",null]
7 verbose parsed url { protocol: null,
7 verbose parsed url   slashes: null,
7 verbose parsed url   auth: null,
7 verbose parsed url   host: null,
7 verbose parsed url   port: null,
7 verbose parsed url   hostname: null,
7 verbose parsed url   hash: null,
7 verbose parsed url   search: null,
7 verbose parsed url   query: null,
7 verbose parsed url   pathname: 'gm',
7 verbose parsed url   path: 'gm',
7 verbose parsed url   href: 'gm' }
8 silly lockFile d2d359e4-gm gm
9 verbose lock gm /home/sun/.npm/d2d359e4-gm.lock
10 silly lockFile d2d359e4-gm gm
11 silly lockFile d2d359e4-gm gm
12 verbose addNamed [ 'gm', '' ]
13 verbose addNamed [ null, '*' ]
14 silly lockFile 26e550d6-gm gm@
15 verbose lock gm@ /home/sun/.npm/26e550d6-gm.lock
16 silly addNameRange { name: 'gm', range: '*', hasData: false }
17 verbose url raw gm
18 verbose url resolving [ 'http://npm.tuna.tsinghua.edu.cn/registry/', './gm' ]
19 verbose url resolved http://npm.tuna.tsinghua.edu.cn/registry/gm
20 info trying registry request attempt 1 at 00:26:11
21 http GET http://npm.tuna.tsinghua.edu.cn/registry/gm
22 http 404 http://npm.tuna.tsinghua.edu.cn/registry/gm
23 verbose bad json <html>
23 verbose bad json <head><title>404 Not Found</title></head>
23 verbose bad json <body bgcolor="white">
23 verbose bad json <center><h1>404 Not Found</h1></center>
23 verbose bad json <hr><center>nginx/1.2.1</center>
23 verbose bad json </body>
23 verbose bad json </html>
24 error registry error parsing json
25 silly registry.get cb [ 404,
25 silly registry.get   { server: 'nginx/1.2.1',
25 silly registry.get     date: 'Fri, 17 Jan 2014 16:26:11 GMT',
25 silly registry.get     'content-type': 'text/html',
25 silly registry.get     'content-length': '168',
25 silly registry.get     connection: 'keep-alive' } ]
26 silly lockFile 26e550d6-gm gm@
27 silly lockFile 26e550d6-gm gm@
28 error SyntaxError: Unexpected token <
28 error <html>
28 error <head><title>404 Not Found</title></head>
28 error <body bgcolor="white">
28 error <center><h1>404 Not Found</h1></center>
28 error <hr><center>nginx/1.2.1</center>
28 error </body>
28 error </html>
28 error
28 error     at Object.parse (native)
28 error     at RegClient.<anonymous> (/usr/local/lib/node_modules/npm/node_modules/npm-registry-client/lib/request.js:238:23)
28 error     at Request.self.callback (/usr/local/lib/node_modules/npm/node_modules/request/index.js:148:22)
28 error     at Request.EventEmitter.emit (events.js:98:17)
28 error     at Request.<anonymous> (/usr/local/lib/node_modules/npm/node_modules/request/index.js:876:14)
28 error     at Request.EventEmitter.emit (events.js:117:20)
28 error     at IncomingMessage.<anonymous> (/usr/local/lib/node_modules/npm/node_modules/request/index.js:827:12)
28 error     at IncomingMessage.EventEmitter.emit (events.js:117:20)
28 error     at _stream_readable.js:910:16
28 error     at process._tickCallback (node.js:415:13)
29 error If you need help, you may report this log at:
29 error     <http://github.com/isaacs/npm/issues>
29 error or email it to:
29 error     <npm-@googlegroups.com>
30 error System Linux 3.5.0-40-generic
31 error command "/usr/local/bin/node" "/usr/local/bin/npm" "install" "gm"
32 error cwd /home/sun/workspace/node-chat
33 error node -v v0.10.13
34 error npm -v 1.3.2
35 error type unexpected_token
36 verbose exit [ 1, true ]
